# JRE version: Java(TM) SE Runtime Environment (8.0_121-b13) (build 1.8.0_121-b13)
# Java VM: Java HotSpot(TM) 64-Bit Server VM (25.121-b13 mixed mode linux-amd64 compressed oops)
Heap:
 PSYoungGen      total 144384K, used 84661K [0x00000000f5580000, 0x0000000100000000, 0x0000000100000000)
  eden space 123392K, 58% used [0x00000000f5580000,0x00000000f9b66e88,0x00000000fce00000)
  from space 20992K, 62% used [0x00000000fce00000,0x00000000fdac6948,0x00000000fe280000)
  to   space 23040K, 0% used [0x00000000fe980000,0x00000000fe980000,0x0000000100000000)
 ParOldGen       total 116224K, used 49900K [0x00000000e0000000, 0x00000000e7180000, 0x00000000f5580000)
  object space 116224K, 42% used [0x00000000e0000000,0x00000000e30bb318,0x00000000e7180000)
 Metaspace       used 86867K, capacity 95672K, committed 96000K, reserved 1132544K
  class space    used 10845K, capacity 13490K, committed 13568K, reserved 1048576K
GC Heap History (10 events):
Event: 973,350 GC heap before
{Heap before GC invocations=50 (full 19):
 PSYoungGen      total 145408K, used 2215K [0x00000000f5580000, 0x00000000ffc00000, 0x0000000100000000)
  eden space 123392K, 1% used [0x00000000f5580000,0x00000000f57a9f00,0x00000000fce00000)
  from space 22016K, 0% used [0x00000000fe680000,0x00000000fe680000,0x00000000ffc00000)
  to   space 23552K, 0% used [0x00000000fce00000,0x00000000fce00000,0x00000000fe500000)
 ParOldGen       total 116224K, used 50315K [0x00000000e0000000, 0x00000000e7180000, 0x00000000f5580000)
  object space 116224K, 43% used [0x00000000e0000000,0x00000000e3122e68,0x00000000e7180000)
 Metaspace       used 78158K, capacity 85772K, committed 86016K, reserved 1124352K
  class space    used 9699K, capacity 11948K, committed 12032K, reserved 1048576K
Event: 973,356 GC heap after
Heap after GC invocations=50 (full 19):
 PSYoungGen      total 123904K, used 64K [0x00000000f5580000, 0x00000000ffa00000, 0x0000000100000000)
  eden space 123392K, 0% used [0x00000000f5580000,0x00000000f5580000,0x00000000fce00000)
  from space 512K, 12% used [0x00000000fce00000,0x00000000fce10000,0x00000000fce80000)
  to   space 22528K, 0% used [0x00000000fe400000,0x00000000fe400000,0x00000000ffa00000)
 ParOldGen       total 116224K, used 50315K [0x00000000e0000000, 0x00000000e7180000, 0x00000000f5580000)
  object space 116224K, 43% used [0x00000000e0000000,0x00000000e3122e68,0x00000000e7180000)
 Metaspace       used 78158K, capacity 85772K, committed 86016K, reserved 1124352K
  class space    used 9699K, capacity 11948K, committed 12032K, reserved 1048576K
}
Event: 973,356 GC heap before
{Heap before GC invocations=51 (full 20):
 PSYoungGen      total 123904K, used 64K [0x00000000f5580000, 0x00000000ffa00000, 0x0000000100000000)
  eden space 123392K, 0% used [0x00000000f5580000,0x00000000f5580000,0x00000000fce00000)
  from space 512K, 12% used [0x00000000fce00000,0x00000000fce10000,0x00000000fce80000)
  to   space 22528K, 0% used [0x00000000fe400000,0x00000000fe400000,0x00000000ffa00000)
 ParOldGen       total 116224K, used 50315K [0x00000000e0000000, 0x00000000e7180000, 0x00000000f5580000)
  object space 116224K, 43% used [0x00000000e0000000,0x00000000e3122e68,0x00000000e7180000)
 Metaspace       used 78158K, capacity 85772K, committed 86016K, reserved 1124352K
  class space    used 9699K, capacity 11948K, committed 12032K, reserved 1048576K
Event: 973,493 GC heap after
Heap after GC invocations=51 (full 20):
 PSYoungGen      total 123904K, used 0K [0x00000000f5580000, 0x00000000ffa00000, 0x0000000100000000)
  eden space 123392K, 0% used [0x00000000f5580000,0x00000000f5580000,0x00000000fce00000)
  from space 512K, 0% used [0x00000000fce00000,0x00000000fce00000,0x00000000fce80000)
  to   space 22528K, 0% used [0x00000000fe400000,0x00000000fe400000,0x00000000ffa00000)
 ParOldGen       total 116224K, used 50158K [0x00000000e0000000, 0x00000000e7180000, 0x00000000f5580000)
  object space 116224K, 43% used [0x00000000e0000000,0x00000000e30fbb28,0x00000000e7180000)
 Metaspace       used 78158K, capacity 85772K, committed 86016K, reserved 1124352K
  class space    used 9699K, capacity 11948K, committed 12032K, reserved 1048576K
}
Event: 1033,350 GC heap before
{Heap before GC invocations=52 (full 20):
 PSYoungGen      total 123904K, used 1876K [0x00000000f5580000, 0x00000000ffa00000, 0x0000000100000000)
  eden space 123392K, 1% used [0x00000000f5580000,0x00000000f5755390,0x00000000fce00000)
  from space 512K, 0% used [0x00000000fce00000,0x00000000fce00000,0x00000000fce80000)
  to   space 22528K, 0% used [0x00000000fe400000,0x00000000fe400000,0x00000000ffa00000)
 ParOldGen       total 116224K, used 50158K [0x00000000e0000000, 0x00000000e7180000, 0x00000000f5580000)
  object space 116224K, 43% used [0x00000000e0000000,0x00000000e30fbb28,0x00000000e7180000)
 Metaspace       used 78158K, capacity 85772K, committed 86016K, reserved 1124352K
  class space    used 9699K, capacity 11948K, committed 12032K, reserved 1048576K
Event: 1033,354 GC heap after
Heap after GC invocations=52 (full 20):
 PSYoungGen      total 142848K, used 32K [0x00000000f5580000, 0x00000000ff700000, 0x0000000100000000)
  eden space 123392K, 0% used [0x00000000f5580000,0x00000000f5580000,0x00000000fce00000)
  from space 19456K, 0% used [0x00000000fe400000,0x00000000fe408000,0x00000000ff700000)
  to   space 20992K, 0% used [0x00000000fce00000,0x00000000fce00000,0x00000000fe280000)
 ParOldGen       total 116224K, used 50158K [0x00000000e0000000, 0x00000000e7180000, 0x00000000f5580000)
  object space 116224K, 43% used [0x00000000e0000000,0x00000000e30fbb28,0x00000000e7180000)
 Metaspace       used 78158K, capacity 85772K, committed 86016K, reserved 1124352K
  class space    used 9699K, capacity 11948K, committed 12032K, reserved 1048576K
}
Event: 1033,354 GC heap before
{Heap before GC invocations=53 (full 21):
 PSYoungGen      total 142848K, used 32K [0x00000000f5580000, 0x00000000ff700000, 0x0000000100000000)
  eden space 123392K, 0% used [0x00000000f5580000,0x00000000f5580000,0x00000000fce00000)
  from space 19456K, 0% used [0x00000000fe400000,0x00000000fe408000,0x00000000ff700000)
  to   space 20992K, 0% used [0x00000000fce00000,0x00000000fce00000,0x00000000fe280000)
 ParOldGen       total 116224K, used 50158K [0x00000000e0000000, 0x00000000e7180000, 0x00000000f5580000)
  object space 116224K, 43% used [0x00000000e0000000,0x00000000e30fbb28,0x00000000e7180000)
 Metaspace       used 78158K, capacity 85772K, committed 86016K, reserved 1124352K
  class space    used 9699K, capacity 11948K, committed 12032K, reserved 1048576K
Event: 1033,492 GC heap after
Heap after GC invocations=53 (full 21):
 PSYoungGen      total 142848K, used 0K [0x00000000f5580000, 0x00000000ff700000, 0x0000000100000000)
  eden space 123392K, 0% used [0x00000000f5580000,0x00000000f5580000,0x00000000fce00000)
  from space 19456K, 0% used [0x00000000fe400000,0x00000000fe400000,0x00000000ff700000)
  to   space 20992K, 0% used [0x00000000fce00000,0x00000000fce00000,0x00000000fe280000)
 ParOldGen       total 116224K, used 49892K [0x00000000e0000000, 0x00000000e7180000, 0x00000000f5580000)
  object space 116224K, 42% used [0x00000000e0000000,0x00000000e30b9318,0x00000000e7180000)
 Metaspace       used 78158K, capacity 85772K, committed 86016K, reserved 1124352K
  class space    used 9699K, capacity 11948K, committed 12032K, reserved 1048576K
}
Event: 1074,625 GC heap before
{Heap before GC invocations=54 (full 21):
 PSYoungGen      total 142848K, used 123392K [0x00000000f5580000, 0x00000000ff700000, 0x0000000100000000)
  eden space 123392K, 100% used [0x00000000f5580000,0x00000000fce00000,0x00000000fce00000)
  from space 19456K, 0% used [0x00000000fe400000,0x00000000fe400000,0x00000000ff700000)
  to   space 20992K, 0% used [0x00000000fce00000,0x00000000fce00000,0x00000000fe280000)
 ParOldGen       total 116224K, used 49892K [0x00000000e0000000, 0x00000000e7180000, 0x00000000f5580000)
  object space 116224K, 42% used [0x00000000e0000000,0x00000000e30b9318,0x00000000e7180000)
 Metaspace       used 85204K, capacity 93822K, committed 94080K, reserved 1130496K
  class space    used 10545K, capacity 13122K, committed 13184K, reserved 1048576K
Event: 1074,640 GC heap after
Heap after GC invocations=54 (full 21):
 PSYoungGen      total 144384K, used 13082K [0x00000000f5580000, 0x0000000100000000, 0x0000000100000000)
  eden space 123392K, 0% used [0x00000000f5580000,0x00000000f5580000,0x00000000fce00000)
  from space 20992K, 62% used [0x00000000fce00000,0x00000000fdac6948,0x00000000fe280000)
  to   space 23040K, 0% used [0x00000000fe980000,0x00000000fe980000,0x0000000100000000)
 ParOldGen       total 116224K, used 49900K [0x00000000e0000000, 0x00000000e7180000, 0x00000000f5580000)
  object space 116224K, 42% used [0x00000000e0000000,0x00000000e30bb318,0x00000000e7180000)
 Metaspace       used 85204K, capacity 93822K, committed 94080K, reserved 1130496K
  class space    used 10545K, capacity 13122K, committed 13184K, reserved 1048576K
}

